0 info it worked if it ends with ok
1 verbose cli [ 'D:\\Program Files\\nodejs\\node.exe',
1 verbose cli   'C:\\Users\\Jimmy\\AppData\\Roaming\\npm\\node_modules\\npm\\bin\\npm-cli.js',
1 verbose cli   'start' ]
2 info using npm@3.10.9
3 info using node@v7.0.0
4 verbose run-script [ 'prestart', 'start', 'poststart' ]
5 info lifecycle onvifAgent@0.0.0~prestart: onvifAgent@0.0.0
6 silly lifecycle onvifAgent@0.0.0~prestart: no script for prestart, continuing
7 info lifecycle onvifAgent@0.0.0~start: onvifAgent@0.0.0
8 verbose lifecycle onvifAgent@0.0.0~start: unsafe-perm in lifecycle true
9 verbose lifecycle onvifAgent@0.0.0~start: PATH: C:\Users\Jimmy\AppData\Roaming\npm\node_modules\npm\bin\node-gyp-bin;G:\Bible\node_modules\.bin;C:\ProgramData\Oracle\Java\javapath;C:\Program Files (x86)\NVIDIA Corporation\PhysX\Common;C:\Program Files (x86)\Intel\iCLS Client\;C:\Program Files\Intel\iCLS Client\;C:\Windows\system32;C:\Windows;C:\Windows\System32\Wbem;C:\Windows\System32\WindowsPowerShell\v1.0\;C:\Program Files\Intel\Intel(R) Management Engine Components\DAL;C:\Program Files (x86)\Intel\Intel(R) Management Engine Components\DAL;C:\Program Files\Intel\Intel(R) Management Engine Components\IPT;C:\Program Files (x86)\Intel\Intel(R) Management Engine Components\IPT;D:\Program Files\nodejs\;C:\Program Files\MySQL\MySQL Utilities 1.6\;C:\xampp\php;%USERPROFILE%\.dnx\bin;C:\Program Files\Microsoft DNX\Dnvm\;C:\Program Files\Microsoft SQL Server\130\Tools\Binn\;C:\Program Files\Microsoft SQL Server\Client SDK\ODBC\110\Tools\Binn\;C:\Program Files (x86)\Microsoft SQL Server\120\Tools\Binn\;C:\Program Files\Microsoft SQL Server\120\Tools\Binn\;C:\Program Files\Microsoft SQL Server\120\DTS\Binn\;C:\Program Files (x86)\Microsoft SQL Server\Client SDK\ODBC\130\Tools\Binn\;C:\Program Files (x86)\Microsoft SQL Server\130\Tools\Binn\;C:\Program Files (x86)\Microsoft SQL Server\130\DTS\Binn\;C:\Program Files (x86)\Microsoft SQL Server\130\Tools\Binn\ManagementStudio\;D:\Program Files (x86)\IVI Foundation\VISA\WinNT\Bin\;C:\Program Files\IVI Foundation\VISA\Win64\Bin\;D:\Program Files\Java\jdk1.7.0_79\bin;C:\Program Files (x86)\Skype\Phone\;C:\Program Files (x86)\Windows Kits\8.1\Windows Performance Toolkit\;C:\apache-tomcat-8.0.45\bin;C:\Program Files\Microsoft\Web Platform Installer\;D:\Program Files\Git\cmd;D:\Program Files\TortoiseGit\bin;D:\Program Files\Cloud Foundry;C:\Program Files\Cloud Foundry;C:\Users\Jimmy\AppData\Roaming\npm;D:\apache-maven-3.3.9\bin
10 verbose lifecycle onvifAgent@0.0.0~start: CWD: G:\Bible
11 silly lifecycle onvifAgent@0.0.0~start: Args: [ '/d /s /c', 'node ./bin/www' ]
12 silly lifecycle onvifAgent@0.0.0~start: Returned: code: 3221225786  signal: null
13 info lifecycle onvifAgent@0.0.0~start: Failed to exec start script
14 verbose stack Error: onvifAgent@0.0.0 start: `node ./bin/www`
14 verbose stack Exit status 3221225786
14 verbose stack     at EventEmitter.<anonymous> (C:\Users\Jimmy\AppData\Roaming\npm\node_modules\npm\lib\utils\lifecycle.js:255:16)
14 verbose stack     at emitTwo (events.js:106:13)
14 verbose stack     at EventEmitter.emit (events.js:191:7)
14 verbose stack     at ChildProcess.<anonymous> (C:\Users\Jimmy\AppData\Roaming\npm\node_modules\npm\lib\utils\spawn.js:40:14)
14 verbose stack     at emitTwo (events.js:106:13)
14 verbose stack     at ChildProcess.emit (events.js:191:7)
14 verbose stack     at maybeClose (internal/child_process.js:877:16)
14 verbose stack     at Process.ChildProcess._handle.onexit (internal/child_process.js:226:5)
15 verbose pkgid onvifAgent@0.0.0
16 verbose cwd G:\Bible
17 error Windows_NT 6.1.7601
18 error argv "D:\\Program Files\\nodejs\\node.exe" "C:\\Users\\Jimmy\\AppData\\Roaming\\npm\\node_modules\\npm\\bin\\npm-cli.js" "start"
19 error node v7.0.0
20 error npm  v3.10.9
21 error code ELIFECYCLE
22 error onvifAgent@0.0.0 start: `node ./bin/www`
22 error Exit status 3221225786
23 error Failed at the onvifAgent@0.0.0 start script 'node ./bin/www'.
23 error Make sure you have the latest version of node.js and npm installed.
23 error If you do, this is most likely a problem with the onvifAgent package,
23 error not with npm itself.
23 error Tell the author that this fails on your system:
23 error     node ./bin/www
23 error You can get information on how to open an issue for this project with:
23 error     npm bugs onvifAgent
23 error Or if that isn't available, you can get their info via:
23 error     npm owner ls onvifAgent
23 error There is likely additional logging output above.
24 verbose exit [ 1, true ]
